<?xml version="1.0" encoding="UTF-8"?>
<!-- Generated by org.testng.reporters.JUnitXMLReporter -->
<testsuite hostname="Amita" ignored="0" name="Test" tests="3" failures="1" timestamp="09 Jul 2018 18:40:51 GMT" time="71.787" errors="0">
  <testcase name="testinvalidLoginTest" time="10.839" classname="com.actitime.tests.invalidLoginTest">
    <failure type="java.lang.AssertionError" message="expected [actiTIME - Login] but found [Username or Password is invalid. Please try again.]">
      <![CDATA[java.lang.AssertionError: expected [actiTIME - Login] but found [Username or Password is invalid. Please try again.]
at com.actitime.tests.invalidLoginTest.testinvalidLoginTest(invalidLoginTest.java:47)
... Removed 31 stack frames]]>
    </failure>
  </testcase> <!-- testinvalidLoginTest -->
  <testcase name="testValidLoginLogout" time="11.893" classname="com.actitime.tests.ValidLoginLogoutTest"/>
  <testcase name="testinvalidLoginTest" time="0.892" classname="com.actitime.tests.VerifyVersionTest"/>
</testsuite> <!-- Test -->
